2019-07-29 16:13:06,184|I|Thread-1|(DELAYED) nexial-core 2.4_0567 starting up...
2019-07-29 16:13:06,187|I|Thread-1|(DELAYED) data file resolved as C:\Users\DEEPAN~1.PAT\AppData\Local\Temp\gWRiX\secondAssignment.data.xlsx
2019-07-29 16:13:06,188|I|Thread-1|(DELAYED) input files and output directory resolved...
2019-07-29 16:13:06,188|I|Thread-1|(DELAYED) No predefined nexial-setup found
2019-07-29 16:13:06,188|I|Thread-1|(DELAYED) [20190729_161305] [C:\projects\secondAssignment\artifact\script\secondAssignment.xlsx] resolve RUN ID as 20190729_161305
2019-07-29 16:13:06,188|I|Thread-1|(DELAYED) [20190729_161305] [C:\projects\secondAssignment\artifact\script\secondAssignment.xlsx] new thread started
2019-07-29 16:13:06,188|I|Thread-1|No predefined nexial-setup found
2019-07-29 16:13:06,267|I|Thread-1|outputBase not set; output-to-cloud DISABLED!
2019-07-29 16:13:06,267|I|Thread-1|accessKey not set; output-to-cloud DISABLED!
2019-07-29 16:13:06,268|I|Thread-1|secretKey not set; output-to-cloud DISABLED!
2019-07-29 16:13:06,293|I|Thread-1|missing REQUIRED configuration; sms DISABLED!
2019-07-29 16:13:07,055|I|Thread-1|[20190729_161305] executing C:\projects\secondAssignment\artifact\script\secondAssignment.xlsx with 1 iteration(s)
2019-07-29 16:13:07,059|I|Thread-1|[20190729_161305] create directory C:\projects\secondAssignment\output\20190729_161305\captures
2019-07-29 16:13:07,060|I|Thread-1|[20190729_161305] create directory C:\projects\secondAssignment\output\20190729_161305\logs
2019-07-29 16:13:08,619|I|Thread-1|[20190729_161305] merging test data to tmp file C:\projects\secondAssignment\output\20190729_161305\secondAssignment.20190729_161307.001.xlsx
2019-07-29 16:13:08,620|I|Thread-1|refetching data from C:\projects\secondAssignment\artifact\data\secondAssignment.data.xlsx
2019-07-29 16:13:08,954|I|Thread-1|[20190729_161305] test script and test data merged to C:\projects\secondAssignment\output\20190729_161305\secondAssignment.20190729_161307.001.xlsx
2019-07-29 16:13:09,562|I|Thread-1|STARTS
2019-07-29 16:13:09,597|I|Thread-1|secondAssignment.20190729_161307.001 - executing iteration #1 of 1; Iteration Id 1
2019-07-29 16:13:09,605|I|Thread-1|secondAssignment.20190729_161307.001|Scenario2 - executing test scenario
2019-07-29 16:13:09,607|I|Thread-1|secondAssignment.20190729_161307.001|Scenario2|Activity 1 - executing activity
2019-07-29 16:13:10,211|I|Thread-1|secondAssignment.20190729_161307.001|Scenario2|Activity 1|#  5|web.open(url) - executing open(url)(https://www.google.com/)
2019-07-29 16:13:10,215|I|Thread-1|No valid instance of webdriver, initializing...
2019-07-29 16:13:10,216|I|Thread-1|init chrome
2019-07-29 16:13:16,091|I|Thread-1|browser initialization completed for 'chrome'
2019-07-29 16:13:16,101|I|Thread-1|setting browser polling wait time to 800 ms
2019-07-29 16:13:16,104|I|Thread-1|setting browser page load timeout to 10000 ms
2019-07-29 16:13:17,868|I|Thread-1|current browser window handle:CDwindow-B3E7BEB6E1EA50D7FF9DF7381BA53C11
2019-07-29 16:13:17,892|I|Thread-1|secondAssignment.20190729_161307.001|Scenario2|Activity 1|#  5|web.open(url) - PASS opened URL https://www.google.com/
2019-07-29 16:13:18,495|I|Thread-1|secondAssignment.20190729_161307.001|Scenario2|Activity 1|#  6|web.type(locator,value) - executing type(locator,value)(//*[@id="tsf"]/div[2]/div/div[1]/div/div[1]/input, ATMECS)
2019-07-29 16:13:18,674|I|Thread-1|secondAssignment.20190729_161307.001|Scenario2|Activity 1|#  6|web.type(locator,value) - PASS typed text at '//*[@id="tsf"]/div[2]/div/div[1]/div/div[1]/input'
2019-07-29 16:13:19,281|I|Thread-1|secondAssignment.20190729_161307.001|Scenario2|Activity 1|#  7|web.click(locator) - executing click(locator)(//*[@id="tsf"]/div[2]/div/div[3]/center/input[1])
2019-07-29 16:13:19,305|I|Thread-1|clicking '//*[@id="tsf"]/div[2]/div/div[3]/center/input[1]'...
2019-07-29 16:13:19,318|I|Thread-1|click target via JS, @id=
2019-07-29 16:13:20,678|I|Thread-1|clicked -> true
2019-07-29 16:13:20,680|I|Thread-1|secondAssignment.20190729_161307.001|Scenario2|Activity 1|#  7|web.click(locator) - PASS click via JS event
2019-07-29 16:13:21,292|I|Thread-1|secondAssignment.20190729_161307.001|Scenario2|Activity 1|#  8|web.saveTextArray(var,loc - executing saveTextArray(var,locator)(linkArray, //*[@class = "iUh30"])
2019-07-29 16:13:21,462|I|Thread-1|secondAssignment.20190729_161307.001|Scenario2|Activity 1|#  8|web.saveTextArray(var,loc - PASS stored content of '//*[@class = "iUh30"]' as ${linkArray}
2019-07-29 16:13:22,066|I|Thread-1|secondAssignment.20190729_161307.001|Scenario2|Activity 1|#  9|base.verbose(text) - executing verbose(text)($(array|length|${linkArray}))
2019-07-29 16:13:22,085|I|Thread-1|secondAssignment.20190729_161307.001|Scenario2|Activity 1|#  9|base.verbose(text) - 11
2019-07-29 16:13:22,273|I|Thread-1|secondAssignment.20190729_161307.001|Scenario2|Activity 1|#  9|base.verbose(text) - PASS 
2019-07-29 16:13:22,876|I|Thread-1|secondAssignment.20190729_161307.001|Scenario2|Activity 1|# 10|base.save(var,value) - executing save(var,value)(query, Insert into info values("ATMECS", ${linkArray});)
2019-07-29 16:13:22,894|I|Thread-1|secondAssignment.20190729_161307.001|Scenario2|Activity 1|# 10|base.save(var,value) - PASS stored 'Insert into info values("ATMECS", www.atmecs.com/,https://www.glassdoor.co.in/Reviews/ATMECS-Reviews-E1318180.htm,https://www.glassdoor.co.in/.../Working-at-ATMECS-EI_IE1318180.11,17.htm,https://in.linkedin.com/company/atmecs-inc,https://mapr.com/partners/partner/atmecs-technologies-pvt-ltd/,https://www.glassdoor.com/Overview/Working-at-ATMECS-EI_IE1318180.11,17.htm,https://www.naukri.com/atmecs-technologies-pvt-ltd-jobs-careers-1089084,https://www.indeed.co.in/cmp/Atmecs-Technologies/reviews,https://www.ambitionbox.com/reviews/atmecs-technologies-reviews);' as ${query}
2019-07-29 16:13:23,506|I|Thread-1|secondAssignment.20190729_161307.001|Scenario2|Activity 1|# 11|rdbms.runSQL(var,db,sql) - executing runSQL(var,db,sql)(queryResult, mydb, ${query})
2019-07-29 16:13:23,809|I|Thread-1|secondAssignment.20190729_161307.001|Scenario2|Activity 1|# 11|rdbms.runSQL(var,db,sql) - new connection established for 'mydb'
2019-07-29 16:13:24,396|I|Thread-1|secondAssignment.20190729_161307.001|Scenario2|Activity 1|# 11|rdbms.runSQL(var,db,sql) - executed query in 583 ms with ERROR Error occurred when executing 'Insert into info values("ATMECS", www.atmecs.com/,https://www.glassdoor.co.in/Reviews/ATMECS-Reviews-E1318180.htm,https://www.glassdoor.co.in/.../Working-at-ATMECS-EI_IE1318180.11,17.htm,https://in.linkedin.com/company/atmecs-inc,https://mapr.com/partners/partner/atmecs-technologies-pvt-ltd/,https://www.glassdoor.com/Overview/Working-at-ATMECS-EI_IE1318180.11,17.htm,https://www.naukri.com/atmecs-technologies-pvt-ltd-jobs-careers-1089084,https://www.indeed.co.in/cmp/Atmecs-Technologies/reviews,https://www.ambitionbox.com/reviews/atmecs-technologies-reviews);': [SQLITE_ERROR] SQL error or missing database (near ",": syntax error)
2019-07-29 16:13:24,403|I|Thread-1|secondAssignment.20190729_161307.001|Scenario2|Activity 1|# 11|rdbms.runSQL(var,db,sql) - PASS executed SQL 'Insert into info values("ATMECS", www.atmecs.com/,https://www.glassdoor.co.in/Reviews/ATMECS-Reviews-E1318180.htm,https://www.glassdoor.co.in/.../Working-at-ATMECS-EI_IE1318180.11,17.htm,https://in.linkedin.com/company/atmecs-inc,https://mapr.com/partners/partner/atmecs-technologies-pvt-ltd/,https://www.glassdoor.com/Overview/Working-at-ATMECS-EI_IE1318180.11,17.htm,https://www.naukri.com/atmecs-technologies-pvt-ltd-jobs-careers-1089084,https://www.indeed.co.in/cmp/Atmecs-Technologies/reviews,https://www.ambitionbox.com/reviews/atmecs-technologies-reviews);'; stored result as ${queryResult}
2019-07-29 16:13:25,009|I|Thread-1|secondAssignment.20190729_161307.001|Scenario2|Activity 1|# 12|rdbms.runSQL(var,db,sql) - executing runSQL(var,db,sql)(selectQuery, mydb, select * from info;)
2019-07-29 16:13:25,019|I|Thread-1|secondAssignment.20190729_161307.001|Scenario2|Activity 1|# 12|rdbms.runSQL(var,db,sql) - reusing established connection 'mydb'
2019-07-29 16:13:25,049|I|Thread-1|secondAssignment.20190729_161307.001|Scenario2|Activity 1|# 12|rdbms.runSQL(var,db,sql) - executed query in 21 ms with 0 row(s)
2019-07-29 16:13:25,060|I|Thread-1|secondAssignment.20190729_161307.001|Scenario2|Activity 1|# 12|rdbms.runSQL(var,db,sql) - PASS executed SQL 'select * from info;'; stored result as ${selectQuery}
2019-07-29 16:13:25,664|I|Thread-1|secondAssignment.20190729_161307.001|Scenario2|Activity 1|# 13|rdbms.resultToCSV(var,csv - executing resultToCSV(var,csvFile,delim,showHeader)(selectQuery, $(syspath|output|fullpath)/result.csv, |, true)
2019-07-29 16:13:25,737|E|Thread-1|[20190729_161305] 
/-TEST FAILED!!-----------------------------------------------------------------
| Test Output:    C:\projects\secondAssignment\output\20190729_161305\secondAssignment.20190729_161307.001.xlsx
| Iteration:      1
\-------------------------------------------------------------------------------
» Error:          Invalid built-in function $(syspath|output|fullpath)  with 1 parameter(s) - invalid: 'output'
2019-07-29 16:13:25,762|E|Thread-1|[20190729_161305] 
/-TEST FAILED!!-----------------------------------------------------------------
| Test Output:    C:\projects\secondAssignment\output\20190729_161305\secondAssignment.20190729_161307.001.xlsx
| Iteration:      1
\-------------------------------------------------------------------------------
» Error:          Invalid built-in function $(syspath|output|fullpath)  with 1 parameter(s) - invalid: 'output'Invalid built-in function $(syspath|output|fullpath)  with 1 parameter(s) - invalid: 'output'
2019-07-29 16:13:25,763|I|Thread-1|secondAssignment.20190729_161307.001 - [ABORT] fail-immediate in effect - test execution will stop now.
2019-07-29 16:13:26,672|I|Thread-1|[20190729_161305] 
/-TEST COMPLETE-----------------------------------------------------------------
| Test Script:    C:\projects\secondAssignment\artifact\script\secondAssignment.xlsx
\-------------------------------------------------------------------------------
» Execution Time: 20673 ms
» Iterations:     [1] total 1
» Test Steps:     9
» Passed:         8
» Error(s):       0
» Iteration 1 of 1: C:\projects\secondAssignment\output\20190729_161305\secondAssignment.20190729_161307.001.xlsx



2019-07-29 16:13:26,959|I|main|[20190729_161305] [C:\projects\secondAssignment\artifact\script\secondAssignment.xlsx] now completed
2019-07-29 16:13:26,960|I|main|[20190729_161305] all execution thread(s) have terminated
2019-07-29 16:13:26,960|I|main|[20190729_161305] test run completed in about 21 seconds
2019-07-29 16:13:27,088|I|main|No predefined nexial-setup found
2019-07-29 16:13:27,129|I|main|outputBase not set; output-to-cloud DISABLED!
2019-07-29 16:13:27,131|I|main|accessKey not set; output-to-cloud DISABLED!
2019-07-29 16:13:27,131|I|main|secretKey not set; output-to-cloud DISABLED!
2019-07-29 16:13:27,134|I|main|generating HTML output for this execution to C:\projects\secondAssignment\output\20190729_161305\execution-output.html
2019-07-29 16:13:27,769|I|main|generating JUnit XML output for this execution to C:\projects\secondAssignment\output\20190729_161305\junit.xml
2019-07-29 16:13:27,808|I|main|generated JUnit report for this execution: C:\projects\secondAssignment\output\20190729_161305\junit.xml
2019-07-29 16:13:27,808|I|main|nexial mailer not enabled: nexial.enableEmail=false
2019-07-29 16:13:27,809|I|main|skipped email notification as configured
2019-07-29 16:13:27,810|I|main|exiting Nexial...
2019-07-29 16:13:27,810|I|main|shutdown starts...
2019-07-29 16:13:27,811|I|main|Shutting down 'chrome' webdriver...
2019-07-29 16:13:33,522|I|main|shutdown ends...
2019-07-29 16:13:33,527|I|main|

/-END OF EXECUTION--------------------------------------------------------------
| » Execution Time: 21 sec.
| » Test Steps....: 8
| » Passed........: 8
| » Failed........: 0
| » Success Rate..: 100.00%
\----------------------------------------------------------nexial-core 2.4_0567-

2019-07-29 16:13:33,529|I|main|ALL PASSED!
2019-07-29 16:13:33,539|I|main|End of Execution:
NEXIAL_OUTPUT:         C:\projects\secondAssignment\output\20190729_161305
NEXIAL_EXECUTION_HTML: C:\projects\secondAssignment\output\20190729_161305\execution-output.html
NEXIAL_JUNIT_XML:      C:\projects\secondAssignment\output\20190729_161305\junit.xml
NEXIAL_SUCCESS_RATE:   100.00%
NEXIAL_EXIT_STATUS:    0
